<?xml version="1.0" encoding="UTF-8"?>
<!-- Generated by org.testng.reporters.JUnitXMLReporter -->
<testsuite hostname="logic-PC" name="Test" tests="1" failures="1" timestamp="5 Aug 2017 18:26:54 GMT" time="28.068" errors="0">
  <testcase name="Login" time="14.866" classname="IRCTCLogin.IRCTCLoginTest">
    <failure type="java.lang.AssertionError" message="expected [IRCTC] but found [IRCTC Next Generation eTicketing System]">
      <![CDATA[java.lang.AssertionError: expected [IRCTC] but found [IRCTC Next Generation eTicketing System]
	at IRCTCLogin.IRCTCLoginTest.Login(IRCTCLoginTest.java:15)
... Removed 30 stack frames]]>
    </failure>
  </testcase> <!-- Login -->
</testsuite> <!-- Test -->
