<?xml version="1.0" encoding="UTF-8"?>
<!-- Generated by org.testng.reporters.JUnitXMLReporter -->
<testsuite hostname="Teja-PC" name="IRCTCAutomate" tests="3" failures="1" timestamp="2 Oct 2017 10:06:51 GMT" time="53.223" errors="0">
  <testcase name="Login" time="39.292" classname="IRCTCLogin.IRCTCLoginTest"/>
  <testcase name="doTicketBooking" time="13.735" classname="IRCTCLogin.IRCTCLoginTest"/>
  <testcase name="doVerifyTitle" time="0.128" classname="IRCTCLogin.IRCTCLoginTest">
    <failure type="java.lang.AssertionError" message="expected [E-Ticketing] but found [Journey Planner]">
      <![CDATA[java.lang.AssertionError: expected [E-Ticketing] but found [Journey Planner]
	at IRCTCLogin.IRCTCLoginTest.doVerifyTitle(IRCTCLoginTest.java:88)
... Removed 30 stack frames]]>
    </failure>
  </testcase> <!-- doVerifyTitle -->
</testsuite> <!-- IRCTCAutomate -->
